Build started 2020-05-03 5:42:08 PM.
     1>Project "C:\Users\Shahbaaz\Desktop\6631\vision_simulator_version_2.53\New folder\vision_simulator_version_2.53_player1_offence\program.vcxproj" on node 2 (Build target(s)).
     1>ClCompile:
         C:\Program Files (x86)\Microsoft Visual Studio 12.0\VC\bin\CL.exe /c /IC:\edit\image_transfer2_final_working\VC2012_atlmfc\VC\atlmfc\include /IC:\edit\image_transfer2_final_working\Windows_SDK7.1\Samples\multimedia\directshow\baseclasses /Zi /nologo /W3 /WX- /O2 /Ob2 /Oy /D WIN32 /D _DEBUG /D _CONSOLE /D CONSOLE_IO /D _VC80_UPGRADE=0x0600 /D _MBCS /GF /Gm- /EHsc /MTd /GS- /Gy /fp:precise /Zc:wchar_t /Zc:forScope /Fo".\Debug\\" /Fd".\Debug\vc120.pdb" /Gd /TP /analyze- /errorReport:prompt program.cpp robot.cpp shared_memory.cpp timer.cpp vision.cpp vision_simulation.cpp
         program.cpp
     1>program.cpp(49): warning C4042: 'flag' : has bad storage class
     1>program.cpp(51): warning C4042: 'turn' : has bad storage class
     1>program.cpp(52): warning C4042: 'turn' : has bad storage class
     1>program.cpp(236): warning C4018: '<' : signed/unsigned mismatch
     1>program.cpp(416): warning C4018: '<' : signed/unsigned mismatch
     1>program.cpp(426): warning C4018: '<' : signed/unsigned mismatch
     1>program.cpp(427): warning C4244: '=' : conversion from 'double' to 'int', possible loss of data
     1>program.cpp(432): warning C4244: '=' : conversion from 'double' to 'int', possible loss of data
     1>program.cpp(468): warning C4018: '<' : signed/unsigned mismatch
     1>program.cpp(479): warning C4018: '<' : signed/unsigned mismatch
     1>program.cpp(480): warning C4244: '=' : conversion from 'double' to 'int', possible loss of data
     1>program.cpp(485): warning C4244: '=' : conversion from 'double' to 'int', possible loss of data
     1>program.cpp(88): warning C4101: 'dist_g' : unreferenced local variable
     1>program.cpp(84): warning C4101: 'pw_l_o' : unreferenced local variable
     1>program.cpp(80): warning C4101: 'jO1' : unreferenced local variable
     1>program.cpp(88): warning C4101: 'pdist' : unreferenced local variable
     1>program.cpp(84): warning C4101: 'laser_o' : unreferenced local variable
     1>program.cpp(84): warning C4101: 'pw_laser_o' : unreferenced local variable
     1>program.cpp(74): warning C4101: 'jO1_1' : unreferenced local variable
     1>program.cpp(74): warning C4101: 'jO1_2' : unreferenced local variable
     1>program.cpp(85): warning C4101: 'jcen' : unreferenced local variable
     1>program.cpp(76): warning C4101: 'size' : unreferenced local variable
     1>program.cpp(75): warning C4101: 'angle' : unreferenced local variable
     1>program.cpp(74): warning C4101: 'iO1_1' : unreferenced local variable
     1>program.cpp(88): warning C4101: 'C' : unreferenced local variable
     1>program.cpp(85): warning C4101: 'icen' : unreferenced local variable
     1>program.cpp(84): warning C4101: 'pw_r_o' : unreferenced local variable
     1>program.cpp(75): warning C4101: 'dist' : unreferenced local variable
     1>program.cpp(88): warning C4101: 'A' : unreferenced local variable
     1>program.cpp(74): warning C4101: 'iO1_2' : unreferenced local variable
     1>program.cpp(79): warning C4101: 'iO1' : unreferenced local variable
     1>program.cpp(78): warning C4101: 'area' : unreferenced local variable
     1>program.cpp(89): warning C4101: 'out' : unreferenced local variable
     1>program.cpp(598): warning C4101: 'p' : unreferenced local variable
     1>program.cpp(598): warning C4101: 'w' : unreferenced local variable
     1>program.cpp(598): warning C4101: 'n' : unreferenced local variable
     1>program.cpp(598): warning C4101: 'i' : unreferenced local variable
     1>program.cpp(598): warning C4101: 's' : unreferenced local variable
     1>program.cpp(603): warning C4101: 'B' : unreferenced local variable
     1>program.cpp(598): warning C4101: 'q' : unreferenced local variable
     1>program.cpp(603): warning C4101: 'R' : unreferenced local variable
     1>program.cpp(598): warning C4101: 'z' : unreferenced local variable
     1>program.cpp(598): warning C4101: 'r' : unreferenced local variable
     1>program.cpp(603): warning C4101: 'G' : unreferenced local variable
     1>program.cpp(598): warning C4101: 't' : unreferenced local variable
     1>program.cpp(785): warning C4101: 'p' : unreferenced local variable
     1>program.cpp(784): warning C4101: 'i' : unreferenced local variable
     1>program.cpp(785): warning C4101: 'pc' : unreferenced local variable
     1>program.cpp(784): warning C4101: 'k' : unreferenced local variable
     1>program.cpp(784): warning C4101: 'j' : unreferenced local variable
     1>program.cpp(845): warning C4244: '=' : conversion from 'double' to 'int', possible loss of data
     1>program.cpp(849): warning C4244: '=' : conversion from 'double' to 'int', possible loss of data
     1>program.cpp(853): warning C4244: '=' : conversion from 'double' to 'int', possible loss of data
     1>program.cpp(857): warning C4244: '=' : conversion from 'double' to 'int', possible loss of data
     1>program.cpp(861): warning C4244: '=' : conversion from 'double' to 'int', possible loss of data
     1>program.cpp(865): warning C4244: '=' : conversion from 'double' to 'int', possible loss of data
     1>program.cpp(876): warning C4551: function call missing argument list
     1>program.cpp(897): warning C4042: 'flag' : has bad storage class
     1>program.cpp(913): warning C4018: '<' : signed/unsigned mismatch
     1>program.cpp(910): warning C4101: 'p' : unreferenced local variable
     1>program.cpp(910): warning C4101: 'pc' : unreferenced local variable
     1>program.cpp(905): warning C4101: 'k' : unreferenced local variable
     1>program.cpp(905): warning C4101: 'j' : unreferenced local variable
     1>program.cpp(945): warning C4042: 'turn' : has bad storage class
     1>program.cpp(957): warning C4018: '<' : signed/unsigned mismatch
     1>program.cpp(976): warning C4042: 'turn' : has bad storage class
     1>program.cpp(1254): warning C4018: '<' : signed/unsigned mismatch
         robot.cpp
         shared_memory.cpp
         timer.cpp
         vision.cpp
         vision_simulation.cpp
     1>vision_simulation.cpp(270): warning C4101: 't_laser' : unreferenced local variable
     1>vision_simulation.cpp(270): warning C4101: 't_laser_o' : unreferenced local variable
     1>vision_simulation.cpp(698): warning C4244: '=' : conversion from 'double' to 'int', possible loss of data
     1>vision_simulation.cpp(699): warning C4244: '=' : conversion from 'double' to 'int', possible loss of data
     1>vision_simulation.cpp(700): warning C4244: '=' : conversion from 'double' to 'int', possible loss of data
     1>vision_simulation.cpp(514): warning C4101: 'k' : unreferenced local variable
         Generating Code...
       Link:
         C:\Program Files (x86)\Microsoft Visual Studio 12.0\VC\bin\link.exe /ERRORREPORT:PROMPT /OUT:".\Debug\program.exe" /INCREMENTAL /NOLOGO mfplat.lib mf.lib mfreadwrite.lib mfuuid.lib shlwapi.lib propsys.lib strmbasd.lib odbc32.lib odbccp32.lib msvcrtd.lib winmm.lib wsock32.lib kernel32.lib user32.lib gdi32.lib winspool.lib comdlg32.lib advapi32.lib shell32.lib ole32.lib oleaut32.lib uuid.lib odbc32.lib odbccp32.lib /NODEFAULTLIB:libcmtd /NODEFAULTLIB:libcd /MANIFEST /MANIFESTUAC:"level='asInvoker' uiAccess='false'" /manifest:embed /DEBUG /PDB:".\Debug\program.pdb" /SUBSYSTEM:CONSOLE /TLBID:1 /DYNAMICBASE /NXCOMPAT /IMPLIB:".\Debug\program.lib" /MACHINE:X86 /SAFESEH .\Debug\program.obj
         .\Debug\robot.obj
         .\Debug\shared_memory.obj
         .\Debug\timer.obj
         .\Debug\vision.obj
         .\Debug\vision_simulation.obj
         atlsnd.lib
         image_transfer5.lib
         strmbasd.lib
     1>image_transfer5.lib(image_transfer5.obj) : warning LNK4204: 'C:\Users\Shahbaaz\Desktop\6631\vision_simulator_version_2.53\New folder\vision_simulator_version_2.53_player1_offence\Debug\vc120.pdb' is missing debugging information for referencing module; linking object as if no debug info
     1>image_transfer5.lib(Video_IO.obj) : warning LNK4204: 'C:\Users\Shahbaaz\Desktop\6631\vision_simulator_version_2.53\New folder\vision_simulator_version_2.53_player1_offence\Debug\vc120.pdb' is missing debugging information for referencing module; linking object as if no debug info
         program.vcxproj -> C:\Users\Shahbaaz\Desktop\6631\vision_simulator_version_2.53\New folder\vision_simulator_version_2.53_player1_offence\.\Debug\program.exe
     1>Done Building Project "C:\Users\Shahbaaz\Desktop\6631\vision_simulator_version_2.53\New folder\vision_simulator_version_2.53_player1_offence\program.vcxproj" (Build target(s)).

Build succeeded.

Time Elapsed 00:00:05.88
